2020-10-14 16:53:17.668 default [main] INFO  c.crims.CrimsadminMasterApplication - Starting CrimsadminMasterApplication on DESKTOP-O536LBQ with PID 31208 (C:\ProgramFiles\workspace\CRIMSSrvjc\target\classes started by 张龙伟 in C:\ProgramFiles\workspace\CRIMSSrvjc)
2020-10-14 16:53:17.670 default [main] INFO  c.crims.CrimsadminMasterApplication - No active profile set, falling back to default profiles: default
2020-10-14 16:53:18.744 default [main] INFO  o.s.d.r.c.RepositoryConfigurationDelegate - Multiple Spring Data modules found, entering strict repository configuration mode!
2020-10-14 16:53:18.746 default [main] INFO  o.s.d.r.c.RepositoryConfigurationDelegate - Bootstrapping Spring Data repositories in DEFAULT mode.
2020-10-14 16:53:18.826 default [main] INFO  o.s.d.r.c.RepositoryConfigurationDelegate - Finished Spring Data repository scanning in 56ms. Found 0 repository interfaces.
2020-10-14 16:53:19.107 default [main] INFO  o.s.c.s.PostProcessorRegistrationDelegate$BeanPostProcessorChecker - Bean 'org.springframework.ws.config.annotation.DelegatingWsConfiguration' of type [org.springframework.ws.config.annotation.DelegatingWsConfiguration$$EnhancerBySpringCGLIB$$90a8f7dc] is not eligible for getting processed by all BeanPostProcessors (for example: not eligible for auto-proxying)
2020-10-14 16:53:19.130 default [main] INFO  o.s.w.s.a.s.AnnotationActionEndpointMapping - Supporting [WS-Addressing August 2004, WS-Addressing 1.0]
2020-10-14 16:53:19.139 default [main] INFO  o.s.c.s.PostProcessorRegistrationDelegate$BeanPostProcessorChecker - Bean 'org.springframework.transaction.annotation.ProxyTransactionManagementConfiguration' of type [org.springframework.transaction.annotation.ProxyTransactionManagementConfiguration$$EnhancerBySpringCGLIB$$ec1132dd] is not eligible for getting processed by all BeanPostProcessors (for example: not eligible for auto-proxying)
2020-10-14 16:53:19.436 default [main] INFO  o.s.b.w.e.tomcat.TomcatWebServer - Tomcat initialized with port(s): 6061 (http)
2020-10-14 16:53:19.450 default [main] INFO  o.a.coyote.http11.Http11NioProtocol - Initializing ProtocolHandler ["http-nio-6061"]
2020-10-14 16:53:19.457 default [main] INFO  o.a.catalina.core.StandardService - Starting service [Tomcat]
2020-10-14 16:53:19.458 default [main] INFO  o.a.catalina.core.StandardEngine - Starting Servlet engine: [Apache Tomcat/9.0.17]
2020-10-14 16:53:19.576 default [main] INFO  o.a.c.c.C.[Tomcat].[localhost].[/] - Initializing Spring embedded WebApplicationContext
2020-10-14 16:53:19.576 default [main] INFO  o.s.web.context.ContextLoader - Root WebApplicationContext: initialization completed in 1861 ms
2020-10-14 16:53:20.696 default [main] INFO  o.s.s.c.ThreadPoolTaskExecutor - Initializing ExecutorService 'applicationTaskExecutor'
2020-10-14 16:53:21.118 default [main] INFO  o.s.s.c.ThreadPoolTaskScheduler - Initializing ExecutorService 'taskScheduler'
2020-10-14 16:53:21.193 default [main] INFO  s.d.s.w.p.DocumentationPluginsBootstrapper - Context refreshed
2020-10-14 16:53:21.207 default [main] INFO  s.d.s.w.p.DocumentationPluginsBootstrapper - Found 1 custom documentation plugin(s)
2020-10-14 16:53:21.221 default [main] INFO  s.d.s.w.s.ApiListingReferenceScanner - Scanning for api listing references
2020-10-14 16:53:21.453 default [main] INFO  s.d.s.w.r.o.CachingOperationNameGenerator - Generating unique operation named: findAllUsingGET_1
2020-10-14 16:53:21.550 default [main] INFO  s.d.s.w.r.o.CachingOperationNameGenerator - Generating unique operation named: findAllUsingGET_2
2020-10-14 16:53:21.656 default [main] INFO  s.d.s.w.r.o.CachingOperationNameGenerator - Generating unique operation named: findAllUsingGET_3
2020-10-14 16:53:21.738 default [main] INFO  s.d.s.w.r.o.CachingOperationNameGenerator - Generating unique operation named: getAllUsingGET_1
2020-10-14 16:53:21.784 default [main] INFO  s.d.s.w.r.o.CachingOperationNameGenerator - Generating unique operation named: getAllUsingGET_2
2020-10-14 16:53:21.854 default [main] INFO  s.d.s.w.r.o.CachingOperationNameGenerator - Generating unique operation named: getALLUsingGET_1
2020-10-14 16:53:21.890 default [main] INFO  s.d.s.w.r.o.CachingOperationNameGenerator - Generating unique operation named: getALLUsingGET_2
2020-10-14 16:53:21.942 default [main] INFO  s.d.s.w.r.o.CachingOperationNameGenerator - Generating unique operation named: getAllUsingGET_3
2020-10-14 16:53:21.999 default [main] INFO  s.d.s.w.r.o.CachingOperationNameGenerator - Generating unique operation named: getAllUsingGET_4
2020-10-14 16:53:22.193 default [main] INFO  s.d.s.w.r.o.CachingOperationNameGenerator - Generating unique operation named: getALLUsingGET_3
2020-10-14 16:53:22.217 default [main] INFO  s.d.s.w.r.o.CachingOperationNameGenerator - Generating unique operation named: addZyFileUsingPOST_1
2020-10-14 16:53:22.253 default [main] INFO  s.d.s.w.r.o.CachingOperationNameGenerator - Generating unique operation named: findAllUsingGET_4
2020-10-14 16:53:22.260 default [main] INFO  s.d.s.w.r.o.CachingOperationNameGenerator - Generating unique operation named: findAllUsingGET_5
2020-10-14 16:53:22.290 default [main] INFO  s.d.s.w.r.o.CachingOperationNameGenerator - Generating unique operation named: uploadFileUsingPOST_1
2020-10-14 16:53:22.308 default [main] INFO  s.d.s.w.r.o.CachingOperationNameGenerator - Generating unique operation named: getAllUsingGET_5
2020-10-14 16:53:22.334 default [main] INFO  s.d.s.w.r.o.CachingOperationNameGenerator - Generating unique operation named: findAllUsingGET_6
2020-10-14 16:53:22.352 default [main] INFO  o.a.coyote.http11.Http11NioProtocol - Starting ProtocolHandler ["http-nio-6061"]
2020-10-14 16:53:22.367 default [main] INFO  o.a.coyote.http11.Http11NioProtocol - Pausing ProtocolHandler ["http-nio-6061"]
2020-10-14 16:53:22.367 default [main] INFO  o.a.catalina.core.StandardService - Stopping service [Tomcat]
2020-10-14 16:53:22.417 default [main] INFO  o.apache.catalina.util.LifecycleBase - The stop() method was called on component [StandardServer[-1]] after stop() had already been called. The second call will be ignored.
2020-10-14 16:53:22.417 default [main] INFO  o.a.coyote.http11.Http11NioProtocol - Stopping ProtocolHandler ["http-nio-6061"]
2020-10-14 16:53:22.417 default [main] INFO  o.a.coyote.http11.Http11NioProtocol - Destroying ProtocolHandler ["http-nio-6061"]
2020-10-14 16:53:22.428 default [main] INFO  o.s.s.c.ThreadPoolTaskScheduler - Shutting down ExecutorService 'taskScheduler'
2020-10-14 16:53:22.445 default [main] INFO  o.s.s.c.ThreadPoolTaskExecutor - Shutting down ExecutorService 'applicationTaskExecutor'
